26 Apr 2025 01:36:06,889 INFO  app.persistence.jdbc.MatchRepositoryJdbc 53 findAvailableMatches - Fetched available matches
26 Apr 2025 01:36:19,637 INFO  app.persistence.jdbc.MatchRepositoryJdbc 53 findAvailableMatches - Fetched available matches
26 Apr 2025 01:47:44,694 INFO  app.persistence.jdbc.MatchRepositoryJdbc 53 findAvailableMatches - Fetched available matches
26 Apr 2025 01:47:51,198 INFO  app.persistence.jdbc.MatchRepositoryJdbc 53 findAvailableMatches - Fetched available matches
26 Apr 2025 01:50:37,140 INFO  app.persistence.jdbc.MatchRepositoryJdbc 53 findAvailableMatches - Fetched available matches
26 Apr 2025 01:50:46,329 INFO  app.persistence.jdbc.MatchRepositoryJdbc 53 findAvailableMatches - Fetched available matches
26 Apr 2025 01:55:37,680 INFO  app.persistence.jdbc.MatchRepositoryJdbc 53 findAvailableMatches - Fetched available matches
26 Apr 2025 01:55:48,739 INFO  app.persistence.jdbc.MatchRepositoryJdbc 53 findAvailableMatches - Fetched available matches
26 Apr 2025 02:08:51,742 INFO  app.persistence.jdbc.MatchRepositoryJdbc 53 findAvailableMatches - Fetched available matches
26 Apr 2025 02:08:58,109 INFO  app.persistence.jdbc.MatchRepositoryJdbc 53 findAvailableMatches - Fetched available matches
26 Apr 2025 02:15:07,479 INFO  app.persistence.jdbc.MatchRepositoryJdbc 53 findAvailableMatches - Fetched available matches
26 Apr 2025 02:15:20,828 INFO  app.persistence.jdbc.MatchRepositoryJdbc 53 findAvailableMatches - Fetched available matches
26 Apr 2025 02:18:59,106 INFO  app.persistence.jdbc.MatchRepositoryJdbc 53 findAvailableMatches - Fetched available matches
26 Apr 2025 02:19:11,521 INFO  app.persistence.jdbc.MatchRepositoryJdbc 53 findAvailableMatches - Fetched available matches
26 Apr 2025 02:22:45,399 INFO  app.persistence.jdbc.MatchRepositoryJdbc 53 findAvailableMatches - Fetched available matches
26 Apr 2025 02:22:55,289 INFO  app.persistence.jdbc.MatchRepositoryJdbc 53 findAvailableMatches - Fetched available matches
26 Apr 2025 02:23:07,547 INFO  app.persistence.jdbc.TicketRepositoryJdbc 33 save - Saved ticket - matchId=3, userId=1, customer=hatz
26 Apr 2025 02:23:07,553 INFO  app.persistence.jdbc.MatchRepositoryJdbc 69 updateSeats - Updated seats for matchId=3
26 Apr 2025 02:23:07,558 INFO  app.persistence.jdbc.MatchRepositoryJdbc 53 findAvailableMatches - Fetched available matches
26 Apr 2025 02:23:07,657 INFO  app.persistence.jdbc.MatchRepositoryJdbc 53 findAvailableMatches - Fetched available matches
26 Apr 2025 02:23:07,762 INFO  app.persistence.jdbc.MatchRepositoryJdbc 53 findAvailableMatches - Fetched available matches
26 Apr 2025 11:37:05,259 INFO  app.persistence.jdbc.MatchRepositoryJdbc 53 findAvailableMatches - Fetched available matches
26 Apr 2025 11:37:18,130 INFO  app.persistence.jdbc.MatchRepositoryJdbc 53 findAvailableMatches - Fetched available matches
26 Apr 2025 11:37:23,766 INFO  app.persistence.jdbc.TicketRepositoryJdbc 33 save - Saved ticket - matchId=1, userId=1, customer=hatz
26 Apr 2025 11:37:23,772 INFO  app.persistence.jdbc.MatchRepositoryJdbc 69 updateSeats - Updated seats for matchId=1
26 Apr 2025 11:37:23,778 INFO  app.persistence.jdbc.MatchRepositoryJdbc 53 findAvailableMatches - Fetched available matches
26 Apr 2025 11:37:23,876 INFO  app.persistence.jdbc.MatchRepositoryJdbc 53 findAvailableMatches - Fetched available matches
26 Apr 2025 11:37:23,983 INFO  app.persistence.jdbc.MatchRepositoryJdbc 53 findAvailableMatches - Fetched available matches
26 Apr 2025 11:37:43,764 INFO  app.persistence.jdbc.TicketRepositoryJdbc 33 save - Saved ticket - matchId=1, userId=2, customer=bau
26 Apr 2025 11:37:43,771 INFO  app.persistence.jdbc.MatchRepositoryJdbc 69 updateSeats - Updated seats for matchId=1
26 Apr 2025 11:37:43,776 INFO  app.persistence.jdbc.MatchRepositoryJdbc 53 findAvailableMatches - Fetched available matches
26 Apr 2025 11:37:43,874 INFO  app.persistence.jdbc.MatchRepositoryJdbc 53 findAvailableMatches - Fetched available matches
26 Apr 2025 11:37:43,984 INFO  app.persistence.jdbc.MatchRepositoryJdbc 53 findAvailableMatches - Fetched available matches
26 Apr 2025 12:21:19,162 INFO  app.persistence.jdbc.MatchRepositoryJdbc 53 findAvailableMatches - Fetched available matches
26 Apr 2025 12:21:25,268 INFO  app.persistence.jdbc.MatchRepositoryJdbc 53 findAvailableMatches - Fetched available matches
26 Apr 2025 12:21:32,875 INFO  app.persistence.jdbc.TicketRepositoryJdbc 33 save - Saved ticket - matchId=1, userId=2, customer=hatz
26 Apr 2025 12:21:32,880 INFO  app.persistence.jdbc.MatchRepositoryJdbc 69 updateSeats - Updated seats for matchId=1
26 Apr 2025 12:21:32,887 INFO  app.persistence.jdbc.MatchRepositoryJdbc 53 findAvailableMatches - Fetched available matches
26 Apr 2025 12:21:32,993 INFO  app.persistence.jdbc.MatchRepositoryJdbc 53 findAvailableMatches - Fetched available matches
26 Apr 2025 12:21:33,102 INFO  app.persistence.jdbc.MatchRepositoryJdbc 53 findAvailableMatches - Fetched available matches
26 Apr 2025 12:21:46,561 INFO  app.persistence.jdbc.TicketRepositoryJdbc 33 save - Saved ticket - matchId=1, userId=1, customer=baubau
26 Apr 2025 12:21:46,570 INFO  app.persistence.jdbc.MatchRepositoryJdbc 69 updateSeats - Updated seats for matchId=1
26 Apr 2025 12:21:46,576 INFO  app.persistence.jdbc.MatchRepositoryJdbc 53 findAvailableMatches - Fetched available matches
26 Apr 2025 12:21:46,686 INFO  app.persistence.jdbc.MatchRepositoryJdbc 53 findAvailableMatches - Fetched available matches
28 Apr 2025 22:57:39,767 INFO  app.persistence.jdbc.MatchRepositoryJdbc 53 findAvailableMatches - Fetched available matches
28 Apr 2025 23:29:11,692 INFO  app.persistence.jdbc.MatchRepositoryJdbc 53 findAvailableMatches - Fetched available matches
28 Apr 2025 23:44:04,564 INFO  app.persistence.jdbc.MatchRepositoryJdbc 53 findAvailableMatches - Fetched available matches
28 Apr 2025 23:49:48,126 INFO  app.persistence.jdbc.MatchRepositoryJdbc 53 findAvailableMatches - Fetched available matches
28 Apr 2025 23:59:30,254 INFO  app.persistence.jdbc.MatchRepositoryJdbc 53 findAvailableMatches - Fetched available matches
29 Apr 2025 00:00:08,018 INFO  app.persistence.jdbc.MatchRepositoryJdbc 53 findAvailableMatches - Fetched available matches
29 Apr 2025 00:00:28,045 INFO  app.persistence.jdbc.MatchRepositoryJdbc 53 findAvailableMatches - Fetched available matches
29 Apr 2025 00:08:28,552 INFO  app.persistence.jdbc.MatchRepositoryJdbc 53 findAvailableMatches - Fetched available matches
29 Apr 2025 00:13:12,382 INFO  app.persistence.jdbc.MatchRepositoryJdbc 53 findAvailableMatches - Fetched available matches
29 Apr 2025 00:15:44,037 INFO  app.persistence.jdbc.MatchRepositoryJdbc 53 findAvailableMatches - Fetched available matches
29 Apr 2025 00:15:51,213 INFO  app.persistence.jdbc.MatchRepositoryJdbc 53 findAvailableMatches - Fetched available matches
29 Apr 2025 00:16:04,723 INFO  app.persistence.jdbc.MatchRepositoryJdbc 53 findAvailableMatches - Fetched available matches
29 Apr 2025 00:16:11,927 INFO  app.persistence.jdbc.TicketRepositoryJdbc 33 save - Saved ticket - matchId=3, userId=1, customer=hatz
29 Apr 2025 00:16:11,933 INFO  app.persistence.jdbc.MatchRepositoryJdbc 69 updateSeats - Updated seats for matchId=3
29 Apr 2025 00:16:11,939 INFO  app.persistence.jdbc.MatchRepositoryJdbc 53 findAvailableMatches - Fetched available matches
29 Apr 2025 00:22:39,481 INFO  app.persistence.jdbc.MatchRepositoryJdbc 53 findAvailableMatches - Fetched available matches
29 Apr 2025 00:22:46,343 INFO  app.persistence.jdbc.MatchRepositoryJdbc 53 findAvailableMatches - Fetched available matches
29 Apr 2025 00:23:00,321 INFO  app.persistence.jdbc.MatchRepositoryJdbc 53 findAvailableMatches - Fetched available matches
29 Apr 2025 00:23:06,934 INFO  app.persistence.jdbc.TicketRepositoryJdbc 33 save - Saved ticket - matchId=3, userId=1, customer=hatz
29 Apr 2025 00:23:06,942 INFO  app.persistence.jdbc.MatchRepositoryJdbc 69 updateSeats - Updated seats for matchId=3
29 Apr 2025 00:23:06,950 INFO  app.persistence.jdbc.MatchRepositoryJdbc 53 findAvailableMatches - Fetched available matches
29 Apr 2025 00:36:05,277 INFO  app.persistence.jdbc.MatchRepositoryJdbc 53 findAvailableMatches - Fetched available matches
29 Apr 2025 00:36:14,082 INFO  app.persistence.jdbc.MatchRepositoryJdbc 53 findAvailableMatches - Fetched available matches
29 Apr 2025 00:36:24,204 INFO  app.persistence.jdbc.MatchRepositoryJdbc 53 findAvailableMatches - Fetched available matches
29 Apr 2025 00:36:30,578 INFO  app.persistence.jdbc.TicketRepositoryJdbc 33 save - Saved ticket - matchId=3, userId=1, customer=hatz
29 Apr 2025 00:36:30,585 INFO  app.persistence.jdbc.MatchRepositoryJdbc 69 updateSeats - Updated seats for matchId=3
29 Apr 2025 00:36:30,591 INFO  app.persistence.jdbc.MatchRepositoryJdbc 53 findAvailableMatches - Fetched available matches
29 Apr 2025 00:36:30,592 INFO  app.persistence.jdbc.MatchRepositoryJdbc 53 findAvailableMatches - Fetched available matches
29 Apr 2025 00:36:30,594 INFO  app.persistence.jdbc.MatchRepositoryJdbc 53 findAvailableMatches - Fetched available matches
29 Apr 2025 00:37:24,855 INFO  app.persistence.jdbc.TicketRepositoryJdbc 33 save - Saved ticket - matchId=1, userId=2, customer=bau
29 Apr 2025 00:37:24,861 INFO  app.persistence.jdbc.MatchRepositoryJdbc 69 updateSeats - Updated seats for matchId=1
29 Apr 2025 00:37:24,866 INFO  app.persistence.jdbc.MatchRepositoryJdbc 53 findAvailableMatches - Fetched available matches
29 Apr 2025 00:37:24,869 INFO  app.persistence.jdbc.MatchRepositoryJdbc 53 findAvailableMatches - Fetched available matches
29 Apr 2025 00:37:24,871 INFO  app.persistence.jdbc.MatchRepositoryJdbc 53 findAvailableMatches - Fetched available matches
29 Apr 2025 00:42:29,157 INFO  app.persistence.jdbc.MatchRepositoryJdbc 53 findAvailableMatches - Fetched available matches
29 Apr 2025 00:42:37,298 INFO  app.persistence.jdbc.MatchRepositoryJdbc 53 findAvailableMatches - Fetched available matches
29 Apr 2025 00:42:45,689 INFO  app.persistence.jdbc.MatchRepositoryJdbc 53 findAvailableMatches - Fetched available matches
29 Apr 2025 00:42:58,342 INFO  app.persistence.jdbc.MatchRepositoryJdbc 53 findAvailableMatches - Fetched available matches
29 Apr 2025 00:43:04,624 INFO  app.persistence.jdbc.TicketRepositoryJdbc 33 save - Saved ticket - matchId=2, userId=1, customer=hatz
29 Apr 2025 00:43:04,630 INFO  app.persistence.jdbc.MatchRepositoryJdbc 69 updateSeats - Updated seats for matchId=2
29 Apr 2025 00:43:04,636 INFO  app.persistence.jdbc.MatchRepositoryJdbc 53 findAvailableMatches - Fetched available matches
29 Apr 2025 00:43:04,637 INFO  app.persistence.jdbc.MatchRepositoryJdbc 53 findAvailableMatches - Fetched available matches
29 Apr 2025 00:43:04,639 INFO  app.persistence.jdbc.MatchRepositoryJdbc 53 findAvailableMatches - Fetched available matches
29 Apr 2025 00:45:51,198 INFO  app.persistence.jdbc.MatchRepositoryJdbc 53 findAvailableMatches - Fetched available matches
29 Apr 2025 00:46:04,889 INFO  app.persistence.jdbc.MatchRepositoryJdbc 53 findAvailableMatches - Fetched available matches
29 Apr 2025 00:46:13,844 INFO  app.persistence.jdbc.MatchRepositoryJdbc 53 findAvailableMatches - Fetched available matches
29 Apr 2025 00:46:19,909 INFO  app.persistence.jdbc.TicketRepositoryJdbc 33 save - Saved ticket - matchId=3, userId=1, customer=hatz
29 Apr 2025 00:46:19,915 INFO  app.persistence.jdbc.MatchRepositoryJdbc 69 updateSeats - Updated seats for matchId=3
29 Apr 2025 00:46:19,921 INFO  app.persistence.jdbc.MatchRepositoryJdbc 53 findAvailableMatches - Fetched available matches
29 Apr 2025 00:46:19,923 INFO  app.persistence.jdbc.MatchRepositoryJdbc 53 findAvailableMatches - Fetched available matches
29 Apr 2025 00:46:19,925 INFO  app.persistence.jdbc.MatchRepositoryJdbc 53 findAvailableMatches - Fetched available matches
29 Apr 2025 00:46:26,468 INFO  app.persistence.jdbc.MatchRepositoryJdbc 53 findAvailableMatches - Fetched available matches
29 Apr 2025 00:50:28,673 INFO  app.persistence.jdbc.MatchRepositoryJdbc 53 findAvailableMatches - Fetched available matches
29 Apr 2025 00:50:35,087 INFO  app.persistence.jdbc.MatchRepositoryJdbc 53 findAvailableMatches - Fetched available matches
12 May 2025 21:13:21,362 INFO  app.persistence.hibernate.HibernateUtils 25 createSessionFactory - Creating Hibernate SessionFactory
12 May 2025 21:13:21,558 INFO  org.hibernate.Version 44 logVersion - HHH000412: Hibernate ORM core version 6.4.4.Final
12 May 2025 21:13:21,614 INFO  app.persistence.hibernate.HibernateUtils 51 createSessionFactory - Hibernate configuration created, building SessionFactory
12 May 2025 21:13:21,673 INFO  org.hibernate.cache.internal.RegionFactoryInitiator 50 initiateService - HHH000026: Second-level cache disabled
12 May 2025 21:13:21,847 WARN  org.hibernate.engine.jdbc.connections.internal.DriverManagerConnectionProviderImpl 81 configure - HHH10001002: Using built-in connection pool (not intended for production use)
12 May 2025 21:13:21,854 INFO  org.hibernate.engine.jdbc.connections.internal.DriverManagerConnectionProviderImpl 136 buildCreator - HHH10001005: Loaded JDBC driver class: org.sqlite.JDBC
12 May 2025 21:13:21,854 INFO  org.hibernate.engine.jdbc.connections.internal.DriverManagerConnectionProviderImpl 158 buildCreator - HHH10001012: Connecting with JDBC URL [jdbc:sqlite:E:/UBB/Year-2/Sem-2/MPP/Labs/JavaApp/identifier.sqlite]
12 May 2025 21:13:21,855 INFO  org.hibernate.engine.jdbc.connections.internal.DriverManagerConnectionProviderImpl 167 buildCreator - HHH10001001: Connection properties: {user=, password=****}
12 May 2025 21:13:21,855 INFO  org.hibernate.engine.jdbc.connections.internal.DriverManagerConnectionProviderImpl 171 buildCreator - HHH10001003: Autocommit mode: false
12 May 2025 21:13:21,858 INFO  org.hibernate.engine.jdbc.connections.internal.DriverManagerConnectionProviderImpl$PooledConnections 371 <init> - HHH10001115: Connection pool size: 20 (min=1)
12 May 2025 21:13:23,424 INFO  org.hibernate.engine.transaction.jta.platform.internal.JtaPlatformInitiator 58 initiateService - HHH000489: No JTA platform available (set 'hibernate.transaction.jta.platform' to enable JTA platform integration)
12 May 2025 21:13:23,449 INFO  org.hibernate.resource.transaction.backend.jdbc.internal.DdlTransactionIsolatorNonJtaImpl 52 getIsolatedConnection - HHH10001501: Connection obtained from JdbcConnectionAccess [org.hibernate.engine.jdbc.env.internal.JdbcEnvironmentInitiator$ConnectionProviderJdbcConnectionAccess@1d858300] for (non-JTA) DDL execution was not in auto-commit mode; the Connection 'local transaction' will be committed and the Connection will be set into auto-commit mode.
12 May 2025 21:13:43,347 INFO  app.persistence.hibernate.UserRepositoryHibernate 24 findByUsernameAndPassword - Finding user with username=admin
12 May 2025 21:13:43,907 INFO  app.persistence.hibernate.UserRepositoryHibernate 39 findByUsernameAndPassword - Found user: admin
12 May 2025 21:13:43,965 INFO  app.persistence.hibernate.MatchRepositoryHibernate 49 findAvailableMatches - Fetching available matches with Hibernate
12 May 2025 21:13:43,995 INFO  app.persistence.hibernate.MatchRepositoryHibernate 64 findAvailableMatches - Fetched 3 available matches
12 May 2025 21:13:50,097 INFO  app.persistence.hibernate.TicketRepositoryHibernate 24 save - Saving ticket with Hibernate: matchId=3, userId=1, customer=hatz
12 May 2025 21:13:50,131 INFO  app.persistence.hibernate.TicketRepositoryHibernate 34 save - Ticket saved successfully with id: 56
12 May 2025 21:13:50,131 INFO  app.persistence.hibernate.MatchRepositoryHibernate 74 updateSeats - Updating seats for match 3 with Hibernate, seats sold: 2
12 May 2025 21:13:50,137 INFO  app.persistence.hibernate.MatchRepositoryHibernate 83 updateSeats - Match seats updated, new available seats: 42
12 May 2025 21:13:50,153 INFO  app.persistence.hibernate.MatchRepositoryHibernate 49 findAvailableMatches - Fetching available matches with Hibernate
12 May 2025 21:13:50,156 INFO  app.persistence.hibernate.MatchRepositoryHibernate 64 findAvailableMatches - Fetched 3 available matches
12 May 2025 21:13:50,157 INFO  app.persistence.hibernate.MatchRepositoryHibernate 49 findAvailableMatches - Fetching available matches with Hibernate
12 May 2025 21:13:50,159 INFO  app.persistence.hibernate.MatchRepositoryHibernate 64 findAvailableMatches - Fetched 3 available matches
