15:59:45.746 [main] INFO  app.client.StartRpcClient - Client application main method invoked
15:59:45.775 [JavaFX Application Thread] INFO  app.client.StartRpcClient - Starting RPC Client application
15:59:45.786 [JavaFX Application Thread] DEBUG app.client.StartRpcClient - Connecting to server at localhost:55556
15:59:45.787 [JavaFX Application Thread] INFO  app.network.rpcprotocol.BasketballServicesRpcProxy - Creating RPC Proxy for server at localhost:55556
15:59:45.788 [JavaFX Application Thread] DEBUG app.client.StartRpcClient - BasketballServicesRpcProxy initialized
15:59:45.797 [JavaFX Application Thread] DEBUG app.client.gui.SceneManager - Setting primary stage in SceneManager
15:59:45.797 [JavaFX Application Thread] DEBUG app.client.StartRpcClient - Primary stage set in SceneManager
15:59:45.798 [JavaFX Application Thread] DEBUG app.client.StartRpcClient - Loading LoginWindow.fxml
15:59:46.132 [JavaFX Application Thread] DEBUG app.client.gui.LoginController - Setting service in LoginController
15:59:46.132 [JavaFX Application Thread] DEBUG app.client.StartRpcClient - Service set in LoginController
15:59:46.531 [JavaFX Application Thread] INFO  app.client.StartRpcClient - Application started and login window displayed
15:59:52.941 [JavaFX Application Thread] INFO  app.client.gui.LoginController - Login attempt for user: admin
15:59:52.941 [JavaFX Application Thread] DEBUG app.client.gui.LoginController - Creating new RPC proxy for login
15:59:52.941 [JavaFX Application Thread] INFO  app.network.rpcprotocol.BasketballServicesRpcProxy - Creating RPC Proxy for server at localhost:55556
15:59:52.941 [JavaFX Application Thread] DEBUG app.client.gui.LoginController - Loading MainWindow.fxml
15:59:53.003 [JavaFX Application Thread] DEBUG app.client.gui.LoginController - Performing login operation
15:59:53.003 [JavaFX Application Thread] INFO  app.network.rpcprotocol.BasketballServicesRpcProxy - Login attempt: username=admin
15:59:53.021 [JavaFX Application Thread] INFO  app.network.rpcprotocol.BasketballServicesRpcProxy - Connection established to server at localhost:55556
15:59:53.021 [Thread-3] INFO  app.network.rpcprotocol.BasketballServicesRpcProxy.ReaderThread - Response reader thread started
15:59:53.418 [JavaFX Application Thread] INFO  app.network.rpcprotocol.BasketballServicesRpcProxy - Login successful: username=admin, id=1
15:59:53.418 [JavaFX Application Thread] INFO  app.client.gui.LoginController - Login successful for user: admin, id: 1
15:59:53.418 [JavaFX Application Thread] DEBUG app.client.gui.MainController - Setting service in MainController
15:59:53.419 [JavaFX Application Thread] DEBUG app.client.gui.MainController - Initializing match table
15:59:53.434 [JavaFX Application Thread] DEBUG app.client.gui.MainController - Match table initialized
15:59:53.434 [JavaFX Application Thread] INFO  app.client.gui.MainController - Loading match data
15:59:53.435 [JavaFX Application Thread] DEBUG app.client.gui.MainController - Setting logged user: admin, id: 1
15:59:53.435 [JavaFX Application Thread] DEBUG app.client.gui.MainController - Setting stage close event
15:59:53.435 [Thread-4] DEBUG app.client.gui.MainController - Fetching available matches from service
15:59:53.435 [JavaFX Application Thread] DEBUG app.client.gui.LoginController - MainController initialized with user and service
15:59:53.435 [Thread-4] INFO  app.network.rpcprotocol.BasketballServicesRpcProxy - Getting available matches
15:59:53.449 [Thread-4] INFO  app.network.rpcprotocol.BasketballServicesRpcProxy - Received 3 available matches
15:59:53.449 [Thread-4] DEBUG app.client.gui.MainController - Received 3 matches
15:59:53.597 [JavaFX Application Thread] INFO  app.client.gui.LoginController - Main window displayed for user: admin
15:59:53.598 [JavaFX Application Thread] DEBUG app.client.gui.MainController - Match table updated with data
15:59:56.391 [JavaFX Application Thread] INFO  app.client.gui.MainController - Window close requested - handling logout
15:59:56.391 [JavaFX Application Thread] INFO  app.client.gui.MainController - Logout requested for user: admin
15:59:56.391 [JavaFX Application Thread] DEBUG app.client.gui.MainController - Performing logout for user: admin
15:59:56.391 [JavaFX Application Thread] INFO  app.network.rpcprotocol.BasketballServicesRpcProxy - Logout: username=admin, id=1
15:59:56.396 [JavaFX Application Thread] INFO  app.network.rpcprotocol.BasketballServicesRpcProxy - Logout successful and connection closed
15:59:56.396 [JavaFX Application Thread] DEBUG app.client.gui.MainController - Loading login window
15:59:56.400 [JavaFX Application Thread] DEBUG app.client.gui.MainController - Creating new RPC proxy for login window
15:59:56.400 [JavaFX Application Thread] INFO  app.network.rpcprotocol.BasketballServicesRpcProxy - Creating RPC Proxy for server at localhost:55556
15:59:56.400 [JavaFX Application Thread] DEBUG app.client.gui.LoginController - Setting service in LoginController
15:59:56.396 [Thread-3] ERROR app.network.rpcprotocol.BasketballServicesRpcProxy.ReaderThread - IO error in reader thread
java.net.SocketException: Socket closed
	at java.base/sun.nio.ch.NioSocketImpl.endRead(NioSocketImpl.java:243) ~[?:?]
	at java.base/sun.nio.ch.NioSocketImpl.implRead(NioSocketImpl.java:323) ~[?:?]
	at java.base/sun.nio.ch.NioSocketImpl.read(NioSocketImpl.java:346) ~[?:?]
	at java.base/sun.nio.ch.NioSocketImpl$1.read(NioSocketImpl.java:796) ~[?:?]
	at java.base/java.net.Socket$SocketInputStream.implRead(Socket.java:1116) ~[?:?]
	at java.base/java.net.Socket$SocketInputStream.read(Socket.java:1103) ~[?:?]
	at java.base/java.net.Socket$SocketInputStream.read(Socket.java:1097) ~[?:?]
	at java.base/java.io.ObjectInputStream$PeekInputStream.peek(ObjectInputStream.java:2900) ~[?:?]
	at java.base/java.io.ObjectInputStream$BlockDataInputStream.peek(ObjectInputStream.java:3229) ~[?:?]
	at java.base/java.io.ObjectInputStream$BlockDataInputStream.peekByte(ObjectInputStream.java:3239) ~[?:?]
	at java.base/java.io.ObjectInputStream.readObject0(ObjectInputStream.java:1701) ~[?:?]
	at java.base/java.io.ObjectInputStream.readObject(ObjectInputStream.java:528) ~[?:?]
	at java.base/java.io.ObjectInputStream.readObject(ObjectInputStream.java:486) ~[?:?]
	at app.network.rpcprotocol.BasketballServicesRpcProxy$ReaderThread.run(BasketballServicesRpcProxy.java:228) ~[classes/:?]
	at java.base/java.lang.Thread.run(Thread.java:1575) [?:?]
15:59:56.414 [Thread-3] INFO  app.network.rpcprotocol.BasketballServicesRpcProxy.ReaderThread - Response reader thread ended
15:59:56.428 [JavaFX Application Thread] INFO  app.client.gui.MainController - Returned to login screen
